# JRE version: OpenJDK Runtime Environment Corretto-19.0.2.7.1 (19.0.2+7) (build 19.0.2+7-FR)
# Java VM: OpenJDK 64-Bit Server VM Corretto-19.0.2.7.1 (19.0.2+7-FR, mixed mode, sharing, tiered, compressed oops, compressed class ptrs, g1 gc, windows-amd64)
GC Precious Log:
 CardTable entry size: 512
 Card Set container configuration: InlinePtr #cards 5 size 8 Array Of Cards #cards 12 size 40 Howl #buckets 4 coarsen threshold 1843 Howl Bitmap #cards 512 size 80 coarsen threshold 460 Card regions per heap region 1 cards per card region 2048
 CPUs: 8 total, 8 available
 Memory: 7069M
 Large Page Support: Disabled
 NUMA Support: Disabled
 Compressed Oops: Enabled (32-bit)
 Heap Region Size: 1M
 Heap Min Capacity: 256M
 Heap Initial Capacity: 256M
 Heap Max Capacity: 512M
 Pre-touch: Disabled
 Parallel Workers: 8
 Concurrent Workers: 2
 Concurrent Refinement Workers: 8
 Periodic GC: Disabled
Heap:
 garbage-first heap   total 262144K, used 75408K [0x00000000e0000000, 0x0000000100000000)
  region size 1024K, 29 young (29696K), 2 survivors (2048K)
 Metaspace       used 38559K, committed 40000K, reserved 380928K
  class space    used 5326K, committed 6080K, reserved 315392K
GC Heap History (10 events):
Event: 21.959 GC heap before
{Heap before GC invocations=0 (full 0):
 garbage-first heap   total 262144K, used 27648K [0x00000000e0000000, 0x0000000100000000)
  region size 1024K, 23 young (23552K), 0 survivors (0K)
 Metaspace       used 3376K, committed 3648K, reserved 380928K
  class space    used 413K, committed 576K, reserved 315392K
}
Event: 21.968 GC heap after
{Heap after GC invocations=1 (full 0):
 garbage-first heap   total 262144K, used 10508K [0x00000000e0000000, 0x0000000100000000)
  region size 1024K, 3 young (3072K), 3 survivors (3072K)
 Metaspace       used 3376K, committed 3648K, reserved 380928K
  class space    used 413K, committed 576K, reserved 315392K
}
Event: 33.695 GC heap before
{Heap before GC invocations=1 (full 0):
 garbage-first heap   total 262144K, used 40204K [0x00000000e0000000, 0x0000000100000000)
  region size 1024K, 31 young (31744K), 3 survivors (3072K)
 Metaspace       used 4318K, committed 4608K, reserved 380928K
  class space    used 506K, committed 640K, reserved 315392K
}
Event: 33.702 GC heap after
{Heap after GC invocations=2 (full 0):
 garbage-first heap   total 262144K, used 13038K [0x00000000e0000000, 0x0000000100000000)
  region size 1024K, 3 young (3072K), 3 survivors (3072K)
 Metaspace       used 4318K, committed 4608K, reserved 380928K
  class space    used 506K, committed 640K, reserved 315392K
}
Event: 47.285 GC heap before
{Heap before GC invocations=2 (full 0):
 garbage-first heap   total 262144K, used 111342K [0x00000000e0000000, 0x0000000100000000)
  region size 1024K, 100 young (102400K), 3 survivors (3072K)
 Metaspace       used 20841K, committed 21504K, reserved 380928K
  class space    used 2994K, committed 3328K, reserved 315392K
}
Event: 47.302 GC heap after
{Heap after GC invocations=3 (full 0):
 garbage-first heap   total 262144K, used 22059K [0x00000000e0000000, 0x0000000100000000)
  region size 1024K, 12 young (12288K), 12 survivors (12288K)
 Metaspace       used 20841K, committed 21504K, reserved 380928K
  class space    used 2994K, committed 3328K, reserved 315392K
}
Event: 50.620 GC heap before
{Heap before GC invocations=4 (full 0):
 garbage-first heap   total 262144K, used 140843K [0x00000000e0000000, 0x0000000100000000)
  region size 1024K, 118 young (120832K), 12 survivors (12288K)
 Metaspace       used 34824K, committed 36032K, reserved 380928K
  class space    used 4893K, committed 5504K, reserved 315392K
}
Event: 50.640 GC heap after
{Heap after GC invocations=5 (full 0):
 garbage-first heap   total 262144K, used 44520K [0x00000000e0000000, 0x0000000100000000)
  region size 1024K, 11 young (11264K), 11 survivors (11264K)
 Metaspace       used 34824K, committed 36032K, reserved 380928K
  class space    used 4893K, committed 5504K, reserved 315392K
}
Event: 50.728 GC heap before
{Heap before GC invocations=5 (full 0):
 garbage-first heap   total 262144K, used 52712K [0x00000000e0000000, 0x0000000100000000)
  region size 1024K, 20 young (20480K), 11 survivors (11264K)
 Metaspace       used 34946K, committed 36096K, reserved 380928K
  class space    used 4901K, committed 5504K, reserved 315392K
}
Event: 50.737 GC heap after
{Heap after GC invocations=6 (full 0):
 garbage-first heap   total 262144K, used 44688K [0x00000000e0000000, 0x0000000100000000)
  region size 1024K, 2 young (2048K), 2 survivors (2048K)
 Metaspace       used 34946K, committed 36096K, reserved 380928K
  class space    used 4901K, committed 5504K, reserved 315392K
}

